<?xml version="1.0" encoding="UTF-8"?>
<!-- Generated by org.testng.reporters.JUnitReportReporter -->
<testsuite hostname="DESKTOP-GSTG6DJ" failures="0" tests="1" name="testbase.TC_001Regsistrationpage" time="11.828" errors="0" timestamp="2024-09-24T12:06:13 IST" skipped="0">
  <testcase classname="testbase.TC_001Regsistrationpage" name="TC1" time="11.828"/>
</testsuite> <!-- testbase.TC_001Regsistrationpage -->
